
> cart@0.0.0 tsc
> tsc

error TS6059: File 'C:/Users/User/Downloads/Clone-Project/packages/cart/src/cart.ts' is not under 'rootDir' 'C:/Users/User/Downloads/Clone-Project/src'. 'rootDir' is expected to contain all source files.
  The file is in the program because:
    Matched by default include pattern '**/*'
error TS6059: File 'C:/Users/User/Downloads/Clone-Project/packages/order/src/order.ts' is not under 'rootDir' 'C:/Users/User/Downloads/Clone-Project/src'. 'rootDir' is expected to contain all source files.
  The file is in the program because:
    Matched by default include pattern '**/*'
error TS6059: File 'C:/Users/User/Downloads/Clone-Project/packages/user-auth/src/user-auth.ts' is not under 'rootDir' 'C:/Users/User/Downloads/Clone-Project/src'. 'rootDir' is expected to contain all source files.
  The file is in the program because:
    Matched by default include pattern '**/*'
npm error Lifecycle script `tsc` failed with error:
npm error code 2
npm error path C:\Users\User\Downloads\Clone-Project\packages\cart
npm error workspace cart@0.0.0
npm error location C:\Users\User\Downloads\Clone-Project\packages\cart
npm error command failed
npm error command C:\WINDOWS\system32\cmd.exe /d /s /c tsc
